0 info it worked if it ends with ok
1 verbose cli [ '/usr/bin/node',
1 verbose cli   '/usr/bin/npm',
1 verbose cli   'start',
1 verbose cli   '--',
1 verbose cli   '--userDir',
1 verbose cli   '~/data' ]
2 info using npm@2.15.12
3 info using node@v4.9.1
4 verbose config Skipping project config: /usr/src/node-red/.npmrc. (matches userconfig)
5 verbose run-script [ 'prestart', 'start', 'poststart' ]
6 info prestart node-red-docker@1.0.0
7 info start node-red-docker@1.0.0
8 verbose unsafe-perm in lifecycle true
9 info node-red-docker@1.0.0 Failed to exec start script
10 verbose stack Error: node-red-docker@1.0.0 start: `node $NODE_OPTIONS node_modules/node-red/red.js -v $FLOWS "--userDir" "~/data"`
10 verbose stack Exit status 1
10 verbose stack     at EventEmitter.<anonymous> (/usr/lib/node_modules/npm/lib/utils/lifecycle.js:217:16)
10 verbose stack     at emitTwo (events.js:87:13)
10 verbose stack     at EventEmitter.emit (events.js:172:7)
10 verbose stack     at ChildProcess.<anonymous> (/usr/lib/node_modules/npm/lib/utils/spawn.js:24:14)
10 verbose stack     at emitTwo (events.js:87:13)
10 verbose stack     at ChildProcess.emit (events.js:172:7)
10 verbose stack     at maybeClose (internal/child_process.js:862:16)
10 verbose stack     at Process.ChildProcess._handle.onexit (internal/child_process.js:222:5)
11 verbose pkgid node-red-docker@1.0.0
12 verbose cwd /usr/src/node-red
13 error Linux 4.9.60-linuxkit-aufs
14 error argv "/usr/bin/node" "/usr/bin/npm" "start" "--" "--userDir" "~/data"
15 error node v4.9.1
16 error npm  v2.15.12
17 error code ELIFECYCLE
18 error node-red-docker@1.0.0 start: `node $NODE_OPTIONS node_modules/node-red/red.js -v $FLOWS "--userDir" "~/data"`
18 error Exit status 1
19 error Failed at the node-red-docker@1.0.0 start script 'node $NODE_OPTIONS node_modules/node-red/red.js -v $FLOWS "--userDir" "~/data"'.
19 error This is most likely a problem with the node-red-docker package,
19 error not with npm itself.
19 error Tell the author that this fails on your system:
19 error     node $NODE_OPTIONS node_modules/node-red/red.js -v $FLOWS "--userDir" "~/data"
19 error You can get information on how to open an issue for this project with:
19 error     npm bugs node-red-docker
19 error Or if that isn't available, you can get their info via:
19 error
19 error     npm owner ls node-red-docker
19 error There is likely additional logging output above.
20 verbose exit [ 1, true ]
